Assembler report for BK0011M_poseidon-ep4cgx150
Sat Feb 17 09:30:38 2024
Quartus Prime Version 22.1std.1 Build 917 02/14/2023 SC Lite Edition


---------------------
; Table of Contents ;
---------------------
  1. Legal Notice
  2. Assembler Summary
  3. Assembler Settings
  4. Assembler Generated Files
  5. Assembler Device Options: //wsl.localhost/Ubuntu-22.04/Cores/BK0011M_SIDI/poseidon-ep4cgx150/output_files/BK0011M_poseidon-ep4cgx150.sof
  6. Assembler Device Options: //wsl.localhost/Ubuntu-22.04/Cores/BK0011M_SIDI/poseidon-ep4cgx150/output_files/BK0011M_poseidon-ep4cgx150.rbf
  7. Assembler Messages



----------------
; Legal Notice ;
----------------
Copyright (C) 2023  Intel Corporation. All rights reserved.
Your use of Intel Corporation's design tools, logic functions 
and other software and tools, and any partner logic 
functions, and any output files from any of the foregoing 
(including device programming or simulation files), and any 
associated documentation or information are expressly subject 
to the terms and conditions of the Intel Program License 
Subscription Agreement, the Intel Quartus Prime License Agreement,
the Intel FPGA IP License Agreement, or other applicable license
agreement, including, without limitation, that your use is for
the sole purpose of programming logic devices manufactured by
Intel and sold by Intel or its authorized distributors.  Please
refer to the applicable agreement for further details, at
https://fpgasoftware.intel.com/eula.



+---------------------------------------------------------------+
; Assembler Summary                                             ;
+-----------------------+---------------------------------------+
; Assembler Status      ; Successful - Sat Feb 17 09:30:38 2024 ;
; Revision Name         ; BK0011M_poseidon-ep4cgx150            ;
; Top-level Entity Name ; poseidon_top                          ;
; Family                ; Cyclone IV GX                         ;
; Device                ; EP4CGX150DF27I7                       ;
+-----------------------+---------------------------------------+


+----------------------------------+
; Assembler Settings               ;
+--------+---------+---------------+
; Option ; Setting ; Default Value ;
+--------+---------+---------------+


+----------------------------------------------------------------------------------------------------------------+
; Assembler Generated Files                                                                                      ;
+----------------------------------------------------------------------------------------------------------------+
; File Name                                                                                                      ;
+----------------------------------------------------------------------------------------------------------------+
; //wsl.localhost/Ubuntu-22.04/Cores/BK0011M_SIDI/poseidon-ep4cgx150/output_files/BK0011M_poseidon-ep4cgx150.sof ;
; //wsl.localhost/Ubuntu-22.04/Cores/BK0011M_SIDI/poseidon-ep4cgx150/output_files/BK0011M_poseidon-ep4cgx150.rbf ;
+----------------------------------------------------------------------------------------------------------------+


+------------------------------------------------------------------------------------------------------------------------------------------+
; Assembler Device Options: //wsl.localhost/Ubuntu-22.04/Cores/BK0011M_SIDI/poseidon-ep4cgx150/output_files/BK0011M_poseidon-ep4cgx150.sof ;
+----------------+-------------------------------------------------------------------------------------------------------------------------+
; Option         ; Setting                                                                                                                 ;
+----------------+-------------------------------------------------------------------------------------------------------------------------+
; JTAG usercode  ; 0x00C2019D                                                                                                              ;
; Checksum       ; 0x00C2019D                                                                                                              ;
+----------------+-------------------------------------------------------------------------------------------------------------------------+


+------------------------------------------------------------------------------------------------------------------------------------------+
; Assembler Device Options: //wsl.localhost/Ubuntu-22.04/Cores/BK0011M_SIDI/poseidon-ep4cgx150/output_files/BK0011M_poseidon-ep4cgx150.rbf ;
+---------------------+--------------------------------------------------------------------------------------------------------------------+
; Option              ; Setting                                                                                                            ;
+---------------------+--------------------------------------------------------------------------------------------------------------------+
; Raw Binary File     ;                                                                                                                    ;
;  Compression Ratio  ; 3                                                                                                                  ;
+---------------------+--------------------------------------------------------------------------------------------------------------------+


+--------------------+
; Assembler Messages ;
+--------------------+
Info: *******************************************************************
Info: Running Quartus Prime Assembler
    Info: Version 22.1std.1 Build 917 02/14/2023 SC Lite Edition
    Info: Processing started: Sat Feb 17 09:30:32 2024
Info: Command: quartus_asm --read_settings_files=off --write_settings_files=off BK0011M_poseidon-ep4cgx150 -c BK0011M_poseidon-ep4cgx150
Info (125069): Default assignment values were changed in the current version of the Quartus Prime software -- changes to default assignments values are contained in file c:/warehouse/intelfpga_lite/22.1std/quartus/bin64/assignment_defaults.qdf
Info (115031): Writing out detailed assembly data for power analysis
Info (115030): Assembler is generating device programming files
Info: Quartus Prime Assembler was successful. 0 errors, 0 warnings
    Info: Peak virtual memory: 4845 megabytes
    Info: Processing ended: Sat Feb 17 09:30:38 2024
    Info: Elapsed time: 00:00:06
    Info: Total CPU time (on all processors): 00:00:02


