Assembler report for bk0011m
Fri Feb 24 23:13:45 2023
Quartus II 64-Bit Version 15.0.0 Build 145 04/22/2015 SJ Web Edition


---------------------
; Table of Contents ;
---------------------
  1. Legal Notice
  2. Assembler Summary
  3. Assembler Settings
  4. Assembler Generated Files
  5. Assembler Device Options: D:/bajados/Sidi FPGA - PROBAR ESTOS CORES/BK0011M_MIST-master/output_files/bk0011m.sof
  6. Assembler Device Options: D:/bajados/Sidi FPGA - PROBAR ESTOS CORES/BK0011M_MIST-master/output_files/bk0011m.rbf
  7. Assembler Messages



----------------
; Legal Notice ;
----------------
Copyright (C) 1991-2015 Altera Corporation. All rights reserved.
Your use of Altera Corporation's design tools, logic functions 
and other software and tools, and its AMPP partner logic 
functions, and any output files from any of the foregoing 
(including device programming or simulation files), and any 
associated documentation or information are expressly subject 
to the terms and conditions of the Altera Program License 
Subscription Agreement, the Altera Quartus II License Agreement,
the Altera MegaCore Function License Agreement, or other 
applicable license agreement, including, without limitation, 
that your use is for the sole purpose of programming logic 
devices manufactured by Altera and sold by Altera or its 
authorized distributors.  Please refer to the applicable 
agreement for further details.



+---------------------------------------------------------------+
; Assembler Summary                                             ;
+-----------------------+---------------------------------------+
; Assembler Status      ; Successful - Fri Feb 24 23:13:45 2023 ;
; Revision Name         ; bk0011m                               ;
; Top-level Entity Name ; bk0011m                               ;
; Family                ; Cyclone IV E                          ;
; Device                ; EP4CE22F17C8                          ;
+-----------------------+---------------------------------------+


+----------------------------------+
; Assembler Settings               ;
+--------+---------+---------------+
; Option ; Setting ; Default Value ;
+--------+---------+---------------+


+----------------------------------------------------------------------------------------+
; Assembler Generated Files                                                              ;
+----------------------------------------------------------------------------------------+
; File Name                                                                              ;
+----------------------------------------------------------------------------------------+
; D:/bajados/Sidi FPGA - PROBAR ESTOS CORES/BK0011M_MIST-master/output_files/bk0011m.sof ;
; D:/bajados/Sidi FPGA - PROBAR ESTOS CORES/BK0011M_MIST-master/output_files/bk0011m.rbf ;
+----------------------------------------------------------------------------------------+


+------------------------------------------------------------------------------------------------------------------+
; Assembler Device Options: D:/bajados/Sidi FPGA - PROBAR ESTOS CORES/BK0011M_MIST-master/output_files/bk0011m.sof ;
+----------------+-------------------------------------------------------------------------------------------------+
; Option         ; Setting                                                                                         ;
+----------------+-------------------------------------------------------------------------------------------------+
; Device         ; EP4CE22F17C8                                                                                    ;
; JTAG usercode  ; 0x00644AE9                                                                                      ;
; Checksum       ; 0x00644AE9                                                                                      ;
+----------------+-------------------------------------------------------------------------------------------------+


+------------------------------------------------------------------------------------------------------------------+
; Assembler Device Options: D:/bajados/Sidi FPGA - PROBAR ESTOS CORES/BK0011M_MIST-master/output_files/bk0011m.rbf ;
+---------------------+--------------------------------------------------------------------------------------------+
; Option              ; Setting                                                                                    ;
+---------------------+--------------------------------------------------------------------------------------------+
; Raw Binary File     ;                                                                                            ;
;  Compression Ratio  ; 2                                                                                          ;
+---------------------+--------------------------------------------------------------------------------------------+


+--------------------+
; Assembler Messages ;
+--------------------+
Info: *******************************************************************
Info: Running Quartus II 64-Bit Assembler
    Info: Version 15.0.0 Build 145 04/22/2015 SJ Web Edition
    Info: Processing started: Fri Feb 24 23:13:44 2023
Info: Command: quartus_asm --read_settings_files=off --write_settings_files=off bk0011m -c bk0011m
Warning (125096): Overriding device family setting Cyclone IV -- part EP4CE22F17C8 belongs to device family Cyclone IV E
    Info (125063): set_global_assignment -name FAMILY "Cyclone IV"
Info (115031): Writing out detailed assembly data for power analysis
Info (115030): Assembler is generating device programming files
Info: Quartus II 64-Bit Assembler was successful. 0 errors, 1 warning
    Info: Peak virtual memory: 4782 megabytes
    Info: Processing ended: Fri Feb 24 23:13:45 2023
    Info: Elapsed time: 00:00:01
    Info: Total CPU time (on all processors): 00:00:01


